d:\github\cpp\usbcommander_github\ericcorecpp\debug\ericcorecpp.pch
d:\github\cpp\usbcommander_github\debug\ericcorecpp.pdb
d:\github\cpp\usbcommander_github\debug\ericcorecpp.idb
d:\github\cpp\usbcommander_github\ericcorecpp\debug\stdafx.obj
d:\github\cpp\usbcommander_github\ericcorecpp\debug\winutility.obj
d:\github\cpp\usbcommander_github\ericcorecpp\debug\wrapformsg.obj
d:\github\cpp\usbcommander_github\ericcorecpp\debug\utility.obj
d:\github\cpp\usbcommander_github\ericcorecpp\debug\observer.obj
d:\github\cpp\usbcommander_github\ericcorecpp\debug\ericexception.obj
d:\github\cpp\usbcommander_github\ericcorecpp\debug\iniutility.obj
d:\github\cpp\usbcommander_github\ericcorecpp\debug\dialogviewutility.obj
d:\github\cpp\usbcommander_github\ericcorecpp\debug\dialogutility.obj
d:\github\cpp\usbcommander_github\ericcorecpp\debug\cmderui.obj
d:\github\cpp\usbcommander_github\debug\ericcorecpp.lib
d:\github\cpp\usbcommander_github\ericcorecpp\debug\ericcorecpp.tlog\cl.command.1.tlog
d:\github\cpp\usbcommander_github\ericcorecpp\debug\ericcorecpp.tlog\cl.read.1.tlog
d:\github\cpp\usbcommander_github\ericcorecpp\debug\ericcorecpp.tlog\cl.write.1.tlog
d:\github\cpp\usbcommander_github\ericcorecpp\debug\ericcorecpp.tlog\lib-link.read.1.tlog
d:\github\cpp\usbcommander_github\ericcorecpp\debug\ericcorecpp.tlog\lib-link.write.1.tlog
d:\github\cpp\usbcommander_github\ericcorecpp\debug\ericcorecpp.tlog\lib.command.1.tlog
